<?xml version="1.0" encoding="UTF-8" ?>
<testsuite errors="0" failures="0" hostname="DESKTOP-PBD522H" name="test.java.JenkinsCalculatrice.TestCalculatrice" skipped="0" tests="4" time="0.18" timestamp="2021-01-26T08:53:54">
  <properties>
[...]
</properties>
  <testcase classname="test.java.JenkinsCalculatrice.TestCalculatrice" name="testSuous" time="0.003" />
  <testcase classname="test.java.JenkinsCalculatrice.TestCalculatrice" name="testMultiplication" time="0.001" />
  <testcase classname="test.java.JenkinsCalculatrice.TestCalculatrice" name="testAddition" time="0.0" />
  <testcase classname="test.java.JenkinsCalculatrice.TestCalculatrice" name="test" time="0.001" />
  <system-out><![CDATA[]]></system-out>
  <system-err><![CDATA[]]></system-err>
</testsuite>
